Copyright 1986-2022 Xilinx, Inc. All Rights Reserved. Copyright 2022-2023 Advanced Micro Devices, Inc. All Rights Reserved.
--------------------------------------------------------------------------------------------------------------------------------------------------------------------------------
| Tool Version : Vivado v.2023.1 (win64) Build 3865809 Sun May  7 15:05:29 MDT 2023
| Date         : Sun Feb 23 12:32:03 2025
| Host         : DESKTOP-UES94AE running 64-bit major release  (build 9200)
| Command      : report_methodology -file VottingMachine_methodology_drc_routed.rpt -pb VottingMachine_methodology_drc_routed.pb -rpx VottingMachine_methodology_drc_routed.rpx
| Design       : VottingMachine
| Device       : xc7z020clg484-1
| Speed File   : -1
| Design State : Fully Routed
--------------------------------------------------------------------------------------------------------------------------------------------------------------------------------

Report Methodology

Table of Contents
-----------------
1. REPORT SUMMARY
2. REPORT DETAILS

1. REPORT SUMMARY
-----------------
            Netlist: netlist
          Floorplan: design_1
      Design limits: <entire design considered>
             Max violations: <unlimited>
             Violations found: 14
+-----------+----------+-------------------------------+------------+
| Rule      | Severity | Description                   | Violations |
+-----------+----------+-------------------------------+------------+
| TIMING-18 | Warning  | Missing input or output delay | 14         |
+-----------+----------+-------------------------------+------------+

2. REPORT DETAILS
-----------------
TIMING-18#1 Warning
Missing input or output delay  
An input delay is missing on bt1 relative to the rising and/or falling clock edge(s) of clock.
Related violations: <none>

TIMING-18#2 Warning
Missing input or output delay  
An input delay is missing on bt2 relative to the rising and/or falling clock edge(s) of clock.
Related violations: <none>

TIMING-18#3 Warning
Missing input or output delay  
An input delay is missing on bt3 relative to the rising and/or falling clock edge(s) of clock.
Related violations: <none>

TIMING-18#4 Warning
Missing input or output delay  
An input delay is missing on bt4 relative to the rising and/or falling clock edge(s) of clock.
Related violations: <none>

TIMING-18#5 Warning
Missing input or output delay  
An input delay is missing on mode relative to the rising and/or falling clock edge(s) of clock.
Related violations: <none>

TIMING-18#6 Warning
Missing input or output delay  
An input delay is missing on reset relative to the rising and/or falling clock edge(s) of clock.
Related violations: <none>

TIMING-18#7 Warning
Missing input or output delay  
An output delay is missing on led[0] relative to the rising and/or falling clock edge(s) of clock.
Related violations: <none>

TIMING-18#8 Warning
Missing input or output delay  
An output delay is missing on led[1] relative to the rising and/or falling clock edge(s) of clock.
Related violations: <none>

TIMING-18#9 Warning
Missing input or output delay  
An output delay is missing on led[2] relative to the rising and/or falling clock edge(s) of clock.
Related violations: <none>

TIMING-18#10 Warning
Missing input or output delay  
An output delay is missing on led[3] relative to the rising and/or falling clock edge(s) of clock.
Related violations: <none>

TIMING-18#11 Warning
Missing input or output delay  
An output delay is missing on led[4] relative to the rising and/or falling clock edge(s) of clock.
Related violations: <none>

TIMING-18#12 Warning
Missing input or output delay  
An output delay is missing on led[5] relative to the rising and/or falling clock edge(s) of clock.
Related violations: <none>

TIMING-18#13 Warning
Missing input or output delay  
An output delay is missing on led[6] relative to the rising and/or falling clock edge(s) of clock.
Related violations: <none>

TIMING-18#14 Warning
Missing input or output delay  
An output delay is missing on led[7] relative to the rising and/or falling clock edge(s) of clock.
Related violations: <none>


